This file contains any messages produced by compilers while
running configure, to aid debugging if configure makes a mistake.

It was created by SoundTouch configure 2.2, which was
generated by GNU Autoconf 2.69.  Invocation command line was

  $ ./configure --prefix=/usr --docdir=/usr/share/doc/soundtouch-2.2 --enable-integer-samples

## --------- ##
## Platform. ##
## --------- ##

hostname = orykalch-Inspiron-5577
uname -m = x86_64
uname -r = 5.8.0-29-generic
uname -s = Linux
uname -v = #31-Ubuntu SMP Fri Nov 6 12:37:59 UTC 2020

/usr/bin/uname -p = x86_64
/bin/uname -X     = unknown

/bin/arch              = x86_64
/usr/bin/arch -k       = unknown
/usr/convex/getsysinfo = unknown
/usr/bin/hostinfo      = unknown
/bin/machine           = unknown
/usr/bin/oslevel       = unknown
/bin/universe          = unknown

PATH: /usr/local/sbin
PATH: /usr/local/bin
PATH: /usr/sbin
PATH: /usr/bin
PATH: /sbin
PATH: /bin
PATH: /usr/games
PATH: /usr/local/games
PATH: /snap/bin


## ----------- ##
## Core tests. ##
## ----------- ##

configure:2468: checking for a BSD-compatible install
configure:2536: result: /usr/bin/install -c
configure:2547: checking whether build environment is sane
configure:2602: result: yes
configure:2751: checking for a thread-safe mkdir -p
configure:2790: result: /usr/bin/mkdir -p
configure:2797: checking for gawk
configure:2827: result: no
configure:2797: checking for mawk
configure:2813: found /usr/bin/mawk
configure:2824: result: mawk
configure:2835: checking whether make sets $(MAKE)
configure:2857: result: yes
configure:2886: checking whether make supports nested variables
configure:2903: result: yes
configure:3040: checking whether make supports nested variables
configure:3057: result: yes
configure:3174: checking for g++
configure:3190: found /usr/bin/g++
configure:3201: result: g++
configure:3228: checking for C++ compiler version
configure:3237: g++ --version >&5
g++ (Ubuntu 10.2.0-13ubuntu1) 10.2.0
Copyright (C) 2020 Free Software Foundation, Inc.
This is free software; see the source for copying conditions.  There is NO
warranty; not even for MERCHANTABILITY or FITNESS FOR A PARTICULAR PURPOSE.

configure:3248: $? = 0
configure:3237: g++ -v >&5
Using built-in specs.
COLLECT_GCC=g++
COLLECT_LTO_WRAPPER=/usr/lib/gcc/x86_64-linux-gnu/10/lto-wrapper
OFFLOAD_TARGET_NAMES=nvptx-none:amdgcn-amdhsa:hsa
OFFLOAD_TARGET_DEFAULT=1
Target: x86_64-linux-gnu
Configured with: ../src/configure -v --with-pkgversion='Ubuntu 10.2.0-13ubuntu1' --with-bugurl=file:///usr/share/doc/gcc-10/README.Bugs --enable-languages=c,ada,c++,go,brig,d,fortran,objc,obj-c++,m2 --prefix=/usr --with-gcc-major-version-only --program-suffix=-10 --program-prefix=x86_64-linux-gnu- --enable-shared --enable-linker-build-id --libexecdir=/usr/lib --without-included-gettext --enable-threads=posix --libdir=/usr/lib --enable-nls --enable-clocale=gnu --enable-libstdcxx-debug --enable-libstdcxx-time=yes --with-default-libstdcxx-abi=new --enable-gnu-unique-object --disable-vtable-verify --enable-plugin --enable-default-pie --with-system-zlib --enable-libphobos-checking=release --with-target-system-zlib=auto --enable-objc-gc=auto --enable-multiarch --disable-werror --with-arch-32=i686 --with-abi=m64 --with-multilib-list=m32,m64,mx32 --enable-multilib --with-tune=generic --enable-offload-targets=nvptx-none=/build/gcc-10-JvwpWM/gcc-10-10.2.0/debian/tmp-nvptx/usr,amdgcn-amdhsa=/build/gcc-10-JvwpWM/gcc-10-10.2.0/debian/tmp-gcn/usr,hsa --without-cuda-driver --enable-checking=release --build=x86_64-linux-gnu --host=x86_64-linux-gnu --target=x86_64-linux-gnu
Thread model: posix
Supported LTO compression algorithms: zlib zstd
gcc version 10.2.0 (Ubuntu 10.2.0-13ubuntu1) 
... rest of stderr output deleted ...
configure:3248: $? = 0
configure:3237: g++ -V >&5
g++: error: unrecognized command-line option '-V'
g++: fatal error: no input files
compilation terminated.
configure:3248: $? = 1
configure:3237: g++ -qversion >&5
g++: error: unrecognized command-line option '-qversion'; did you mean '--version'?
g++: fatal error: no input files
compilation terminated.
configure:3248: $? = 1
configure:3268: checking whether the C++ compiler works
configure:3290: g++ -O3 -ffast-math   conftest.cpp  >&5
configure:3294: $? = 0
configure:3342: result: yes
configure:3345: checking for C++ compiler default output file name
configure:3347: result: a.out
configure:3353: checking for suffix of executables
configure:3360: g++ -o conftest -O3 -ffast-math   conftest.cpp  >&5
configure:3364: $? = 0
configure:3386: result: 
configure:3408: checking whether we are cross compiling
configure:3416: g++ -o conftest -O3 -ffast-math   conftest.cpp  >&5
configure:3420: $? = 0
configure:3427: ./conftest
configure:3431: $? = 0
configure:3419: result: no
configure:3424: checking for suffix of object files
configure:3446: g++ -c -O3 -ffast-math  conftest.cpp >&5
configure:3450: $? = 0
configure:3471: result: o
configure:3475: checking whether we are using the GNU C++ compiler
configure:3494: g++ -c -O3 -ffast-math  conftest.cpp >&5
configure:3494: $? = 0
configure:3503: result: yes
configure:3512: checking whether g++ accepts -g
configure:3532: g++ -c -g  conftest.cpp >&5
configure:3532: $? = 0
configure:3573: result: yes
configure:3599: checking whether make supports the include directive
configure:3614: make -f confmf.GNU && cat confinc.out
this is the am__doit target
configure:3617: $? = 0
configure:3636: result: yes (GNU style)
configure:3661: checking dependency style of g++
configure:3772: result: gcc3
configure:3836: checking for gcc
configure:3852: found /usr/bin/gcc
configure:3863: result: gcc
configure:4092: checking for C compiler version
configure:4101: gcc --version >&5
gcc (Ubuntu 10.2.0-13ubuntu1) 10.2.0
Copyright (C) 2020 Free Software Foundation, Inc.
This is free software; see the source for copying conditions.  There is NO
warranty; not even for MERCHANTABILITY or FITNESS FOR A PARTICULAR PURPOSE.

configure:4112: $? = 0
configure:4101: gcc -v >&5
Using built-in specs.
COLLECT_GCC=gcc
COLLECT_LTO_WRAPPER=/usr/lib/gcc/x86_64-linux-gnu/10/lto-wrapper
OFFLOAD_TARGET_NAMES=nvptx-none:amdgcn-amdhsa:hsa
OFFLOAD_TARGET_DEFAULT=1
Target: x86_64-linux-gnu
Configured with: ../src/configure -v --with-pkgversion='Ubuntu 10.2.0-13ubuntu1' --with-bugurl=file:///usr/share/doc/gcc-10/README.Bugs --enable-languages=c,ada,c++,go,brig,d,fortran,objc,obj-c++,m2 --prefix=/usr --with-gcc-major-version-only --program-suffix=-10 --program-prefix=x86_64-linux-gnu- --enable-shared --enable-linker-build-id --libexecdir=/usr/lib --without-included-gettext --enable-threads=posix --libdir=/usr/lib --enable-nls --enable-clocale=gnu --enable-libstdcxx-debug --enable-libstdcxx-time=yes --with-default-libstdcxx-abi=new --enable-gnu-unique-object --disable-vtable-verify --enable-plugin --enable-default-pie --with-system-zlib --enable-libphobos-checking=release --with-target-system-zlib=auto --enable-objc-gc=auto --enable-multiarch --disable-werror --with-arch-32=i686 --with-abi=m64 --with-multilib-list=m32,m64,mx32 --enable-multilib --with-tune=generic --enable-offload-targets=nvptx-none=/build/gcc-10-JvwpWM/gcc-10-10.2.0/debian/tmp-nvptx/usr,amdgcn-amdhsa=/build/gcc-10-JvwpWM/gcc-10-10.2.0/debian/tmp-gcn/usr,hsa --without-cuda-driver --enable-checking=release --build=x86_64-linux-gnu --host=x86_64-linux-gnu --target=x86_64-linux-gnu
Thread model: posix
Supported LTO compression algorithms: zlib zstd
gcc version 10.2.0 (Ubuntu 10.2.0-13ubuntu1) 
... rest of stderr output deleted ...
configure:4112: $? = 0
configure:4101: gcc -V >&5
gcc: error: unrecognized command-line option '-V'
gcc: fatal error: no input files
compilation terminated.
configure:4112: $? = 1
configure:4101: gcc -qversion >&5
gcc: error: unrecognized command-line option '-qversion'; did you mean '--version'?
gcc: fatal error: no input files
compilation terminated.
configure:4112: $? = 1
configure:4116: checking whether we are using the GNU C compiler
configure:4135: gcc -c   conftest.c >&5
configure:4135: $? = 0
configure:4144: result: yes
configure:4153: checking whether gcc accepts -g
configure:4173: gcc -c -g  conftest.c >&5
configure:4173: $? = 0
configure:4214: result: yes
configure:4231: checking for gcc option to accept ISO C89
configure:4294: gcc  -c -g -O2  conftest.c >&5
configure:4294: $? = 0
configure:4307: result: none needed
configure:4332: checking whether gcc understands -c and -o together
configure:4354: gcc -c conftest.c -o conftest2.o
configure:4357: $? = 0
configure:4354: gcc -c conftest.c -o conftest2.o
configure:4357: $? = 0
configure:4369: result: yes
configure:4388: checking dependency style of gcc
configure:4499: result: gcc3
configure:4519: checking how to run the C preprocessor
configure:4550: gcc -E  conftest.c
configure:4550: $? = 0
configure:4564: gcc -E  conftest.c
conftest.c:11:10: fatal error: ac_nonexistent.h: No such file or directory
   11 | #include <ac_nonexistent.h>
      |          ^~~~~~~~~~~~~~~~~~
compilation terminated.
configure:4564: $? = 1
configure: failed program was:
| /* confdefs.h */
| #define PACKAGE_NAME "SoundTouch"
| #define PACKAGE_TARNAME "soundtouch"
| #define PACKAGE_VERSION "2.2"
| #define PACKAGE_STRING "SoundTouch 2.2"
| #define PACKAGE_BUGREPORT "http://www.surina.net/soundtouch"
| #define PACKAGE_URL ""
| #define PACKAGE "soundtouch"
| #define VERSION "2.2"
| /* end confdefs.h.  */
| #include <ac_nonexistent.h>
configure:4589: result: gcc -E
configure:4609: gcc -E  conftest.c
configure:4609: $? = 0
configure:4623: gcc -E  conftest.c
conftest.c:11:10: fatal error: ac_nonexistent.h: No such file or directory
   11 | #include <ac_nonexistent.h>
      |          ^~~~~~~~~~~~~~~~~~
compilation terminated.
configure:4623: $? = 1
configure: failed program was:
| /* confdefs.h */
| #define PACKAGE_NAME "SoundTouch"
| #define PACKAGE_TARNAME "soundtouch"
| #define PACKAGE_VERSION "2.2"
| #define PACKAGE_STRING "SoundTouch 2.2"
| #define PACKAGE_BUGREPORT "http://www.surina.net/soundtouch"
| #define PACKAGE_URL ""
| #define PACKAGE "soundtouch"
| #define VERSION "2.2"
| /* end confdefs.h.  */
| #include <ac_nonexistent.h>
configure:4656: checking how to run the C++ preprocessor
configure:4683: g++ -E  conftest.cpp
configure:4683: $? = 0
configure:4697: g++ -E  conftest.cpp
conftest.cpp:11:10: fatal error: ac_nonexistent.h: No such file or directory
   11 | #include <ac_nonexistent.h>
      |          ^~~~~~~~~~~~~~~~~~
compilation terminated.
configure:4697: $? = 1
configure: failed program was:
| /* confdefs.h */
| #define PACKAGE_NAME "SoundTouch"
| #define PACKAGE_TARNAME "soundtouch"
| #define PACKAGE_VERSION "2.2"
| #define PACKAGE_STRING "SoundTouch 2.2"
| #define PACKAGE_BUGREPORT "http://www.surina.net/soundtouch"
| #define PACKAGE_URL ""
| #define PACKAGE "soundtouch"
| #define VERSION "2.2"
| /* end confdefs.h.  */
| #include <ac_nonexistent.h>
configure:4722: result: g++ -E
configure:4742: g++ -E  conftest.cpp
configure:4742: $? = 0
configure:4756: g++ -E  conftest.cpp
conftest.cpp:11:10: fatal error: ac_nonexistent.h: No such file or directory
   11 | #include <ac_nonexistent.h>
      |          ^~~~~~~~~~~~~~~~~~
compilation terminated.
configure:4756: $? = 1
configure: failed program was:
| /* confdefs.h */
| #define PACKAGE_NAME "SoundTouch"
| #define PACKAGE_TARNAME "soundtouch"
| #define PACKAGE_VERSION "2.2"
| #define PACKAGE_STRING "SoundTouch 2.2"
| #define PACKAGE_BUGREPORT "http://www.surina.net/soundtouch"
| #define PACKAGE_URL ""
| #define PACKAGE "soundtouch"
| #define VERSION "2.2"
| /* end confdefs.h.  */
| #include <ac_nonexistent.h>
configure:4786: checking whether make sets $(MAKE)
configure:4808: result: yes
configure:4847: checking build system type
configure:4861: result: x86_64-pc-linux-gnu
configure:4881: checking host system type
configure:4894: result: x86_64-pc-linux-gnu
configure:4935: checking how to print strings
configure:4962: result: printf
configure:4983: checking for a sed that does not truncate output
configure:5047: result: /usr/bin/sed
configure:5065: checking for grep that handles long lines and -e
configure:5123: result: /usr/bin/grep
configure:5128: checking for egrep
configure:5190: result: /usr/bin/grep -E
configure:5195: checking for fgrep
configure:5257: result: /usr/bin/grep -F
configure:5292: checking for ld used by gcc
configure:5359: result: /usr/bin/ld
configure:5366: checking if the linker (/usr/bin/ld) is GNU ld
configure:5381: result: yes
configure:5393: checking for BSD- or MS-compatible name lister (nm)
configure:5447: result: /usr/bin/nm -B
configure:5577: checking the name lister (/usr/bin/nm -B) interface
configure:5584: g++ -c -O3 -ffast-math  conftest.cpp >&5
configure:5587: /usr/bin/nm -B "conftest.o"
configure:5590: output
0000000000000000 B some_variable
configure:5591: result: BSD nm
configure:5594: checking whether ln -s works
configure:5598: result: yes
configure:5606: checking the maximum length of command line arguments
configure:5737: result: 1572864
configure:5785: checking how to convert x86_64-pc-linux-gnu file names to x86_64-pc-linux-gnu format
configure:5825: result: func_convert_file_noop
configure:5832: checking how to convert x86_64-pc-linux-gnu file names to toolchain format
configure:5852: result: func_convert_file_noop
configure:5859: checking for /usr/bin/ld option to reload object files
configure:5866: result: -r
configure:5940: checking for objdump
configure:5956: found /usr/bin/objdump
configure:5967: result: objdump
configure:5999: checking how to recognize dependent libraries
configure:6199: result: pass_all
configure:6284: checking for dlltool
configure:6314: result: no
configure:6344: checking how to associate runtime and link libraries
configure:6371: result: printf %s\n
configure:6432: checking for ar
configure:6448: found /usr/bin/ar
configure:6459: result: ar
configure:6496: checking for archiver @FILE support
configure:6513: g++ -c -O3 -ffast-math  conftest.cpp >&5
configure:6513: $? = 0
configure:6516: ar cr libconftest.a @conftest.lst >&5
configure:6519: $? = 0
configure:6524: ar cr libconftest.a @conftest.lst >&5
ar: conftest.o: No such file or directory
configure:6527: $? = 1
configure:6526: result: @
configure:6584: checking for strip
configure:6600: found /usr/bin/strip
configure:6611: result: strip
configure:6683: checking for ranlib
configure:6699: found /usr/bin/ranlib
configure:6710: result: ranlib
configure:6812: checking command to parse /usr/bin/nm -B output from gcc object
configure:6965: g++ -c -O3 -ffast-math  conftest.cpp >&5
configure:6968: $? = 0
configure:6972: /usr/bin/nm -B conftest.o | sed -n -e 's/^.*[	 ]\([ABCDGIRSTW][ABCDGIRSTW]*\)[	 ][	 ]*\([_A-Za-z][_A-Za-z0-9]*\)$/\1 \2 \2/p' | sed '/ __gnu_lto/d' > conftest.nm
configure:7038: g++ -o conftest -O3 -ffast-math   conftest.cpp conftstm.o >&5
configure:7041: $? = 0
configure:7079: result: ok
configure:7126: checking for sysroot
configure:7156: result: no
configure:7163: checking for a working dd
configure:7201: result: /usr/bin/dd
configure:7205: checking how to truncate binary pipes
configure:7220: result: /usr/bin/dd bs=4096 count=1
configure:7357: g++ -c -O3 -ffast-math  conftest.cpp >&5
configure:7360: $? = 0
configure:7550: checking for mt
configure:7566: found /usr/bin/mt
configure:7577: result: mt
configure:7600: checking if mt is a manifest tool
configure:7606: mt '-?'
configure:7614: result: no
configure:8287: checking for ANSI C header files
configure:8307: g++ -c -O3 -ffast-math  conftest.cpp >&5
configure:8307: $? = 0
configure:8380: g++ -o conftest -O3 -ffast-math   conftest.cpp  >&5
configure:8380: $? = 0
configure:8380: ./conftest
configure:8380: $? = 0
configure:8391: result: yes
configure:8404: checking for sys/types.h
configure:8404: g++ -c -O3 -ffast-math  conftest.cpp >&5
configure:8404: $? = 0
configure:8404: result: yes
configure:8404: checking for sys/stat.h
configure:8404: g++ -c -O3 -ffast-math  conftest.cpp >&5
configure:8404: $? = 0
configure:8404: result: yes
configure:8404: checking for stdlib.h
configure:8404: g++ -c -O3 -ffast-math  conftest.cpp >&5
configure:8404: $? = 0
configure:8404: result: yes
configure:8404: checking for string.h
configure:8404: g++ -c -O3 -ffast-math  conftest.cpp >&5
configure:8404: $? = 0
configure:8404: result: yes
configure:8404: checking for memory.h
configure:8404: g++ -c -O3 -ffast-math  conftest.cpp >&5
configure:8404: $? = 0
configure:8404: result: yes
configure:8404: checking for strings.h
configure:8404: g++ -c -O3 -ffast-math  conftest.cpp >&5
configure:8404: $? = 0
configure:8404: result: yes
configure:8404: checking for inttypes.h
configure:8404: g++ -c -O3 -ffast-math  conftest.cpp >&5
configure:8404: $? = 0
configure:8404: result: yes
configure:8404: checking for stdint.h
configure:8404: g++ -c -O3 -ffast-math  conftest.cpp >&5
configure:8404: $? = 0
configure:8404: result: yes
configure:8404: checking for unistd.h
configure:8404: g++ -c -O3 -ffast-math  conftest.cpp >&5
configure:8404: $? = 0
configure:8404: result: yes
configure:8418: checking for dlfcn.h
configure:8418: g++ -c -O3 -ffast-math  conftest.cpp >&5
configure:8418: $? = 0
configure:8418: result: yes
configure:8654: checking for objdir
configure:8669: result: .libs
configure:8933: checking if gcc supports -fno-rtti -fno-exceptions
configure:8951: gcc -c -g -O2  -fno-rtti -fno-exceptions conftest.c >&5
cc1: warning: command-line option '-fno-rtti' is valid for C++/D/ObjC++ but not for C
configure:8955: $? = 0
configure:8968: result: no
configure:9332: checking for gcc option to produce PIC
configure:9339: result: -fPIC -DPIC
configure:9347: checking if gcc PIC flag -fPIC -DPIC works
configure:9365: gcc -c -g -O2  -fPIC -DPIC -DPIC conftest.c >&5
configure:9369: $? = 0
configure:9382: result: yes
configure:9411: checking if gcc static flag -static works
configure:9439: result: yes
configure:9454: checking if gcc supports -c -o file.o
configure:9475: gcc -c -g -O2  -o out/conftest2.o conftest.c >&5
configure:9479: $? = 0
configure:9501: result: yes
configure:9509: checking if gcc supports -c -o file.o
configure:9556: result: yes
configure:9589: checking whether the gcc linker (/usr/bin/ld -m elf_x86_64) supports shared libraries
configure:10852: result: yes
configure:10889: checking whether -lc should be explicitly linked in
configure:10897: gcc -c -g -O2  conftest.c >&5
configure:10900: $? = 0
configure:10915: gcc -shared  -fPIC -DPIC conftest.o  -v -Wl,-soname -Wl,conftest -o conftest 2\>\&1 \| /usr/bin/grep  -lc  \>/dev/null 2\>\&1
configure:10918: $? = 0
configure:10932: result: no
configure:11092: checking dynamic linker characteristics
configure:11673: gcc -o conftest -g -O2   -Wl,-rpath -Wl,/foo conftest.c  >&5
configure:11673: $? = 0
configure:11922: result: GNU/Linux ld.so
configure:12044: checking how to hardcode library paths into programs
configure:12069: result: immediate
configure:12617: checking whether stripping libraries is possible
configure:12622: result: yes
configure:12657: checking if libtool supports shared libraries
configure:12659: result: yes
configure:12662: checking whether to build shared libraries
configure:12687: result: yes
configure:12690: checking whether to build static libraries
configure:12694: result: no
configure:9493: checking how to run the C++ preprocessor
configure:9559: result: g++ -E
configure:9579: g++ -E  conftest.cpp
configure:9579: $? = 0
configure:9593: g++ -E  conftest.cpp
conftest.cpp:23:10: fatal error: ac_nonexistent.h: No such file or directory
   23 | #include <ac_nonexistent.h>
      |          ^~~~~~~~~~~~~~~~~~
compilation terminated.
configure:9593: $? = 1
configure: failed program was:
| /* confdefs.h */
| #define PACKAGE_NAME "SoundTouch"
| #define PACKAGE_TARNAME "soundtouch"
| #define PACKAGE_VERSION "2.2"
| #define PACKAGE_STRING "SoundTouch 2.2"
| #define PACKAGE_BUGREPORT "http://www.surina.net/soundtouch"
| #define PACKAGE_URL ""
| #define PACKAGE "soundtouch"
| #define VERSION "2.2"
| #define STDC_HEADERS 1
| #define HAVE_SYS_TYPES_H 1
| #define HAVE_SYS_STAT_H 1
| #define HAVE_STDLIB_H 1
| #define HAVE_STRING_H 1
| #define HAVE_MEMORY_H 1
| #define HAVE_STRINGS_H 1
| #define HAVE_INTTYPES_H 1
| #define HAVE_STDINT_H 1
| #define HAVE_UNISTD_H 1
| #define HAVE_DLFCN_H 1
| #define LT_OBJDIR ".libs/"
| /* end confdefs.h.  */
| #include <ac_nonexistent.h>
configure:9755: checking for ld used by g++
configure:9822: result: /usr/bin/ld -m elf_x86_64
configure:9829: checking if the linker (/usr/bin/ld -m elf_x86_64) is GNU ld
configure:9844: result: yes
configure:9899: checking whether the g++ linker (/usr/bin/ld -m elf_x86_64) supports shared libraries
configure:10972: result: yes
configure:11008: g++ -c -O3 -ffast-math  conftest.cpp >&5
configure:11011: $? = 0
configure:11492: checking for g++ option to produce PIC
configure:11499: result: -fPIC -DPIC
configure:11507: checking if g++ PIC flag -fPIC -DPIC works
configure:11525: g++ -c -O3 -ffast-math  -fPIC -DPIC -DPIC conftest.cpp >&5
configure:11529: $? = 0
configure:11542: result: yes
configure:11565: checking if g++ static flag -static works
configure:11593: result: yes
configure:11605: checking if g++ supports -c -o file.o
configure:11626: g++ -c -O3 -ffast-math  -o out/conftest2.o conftest.cpp >&5
configure:11630: $? = 0
configure:11652: result: yes
configure:11657: checking if g++ supports -c -o file.o
configure:11704: result: yes
configure:11734: checking whether the g++ linker (/usr/bin/ld -m elf_x86_64) supports shared libraries
configure:11777: result: yes
configure:11918: checking dynamic linker characteristics
configure:12675: result: GNU/Linux ld.so
configure:12740: checking how to hardcode library paths into programs
configure:12765: result: immediate
configure:11661: checking for ANSI C header files
configure:11765: result: yes
configure:11777: checking cpuid.h usability
configure:11777: g++ -c -O3 -ffast-math  conftest.cpp >&5
configure:11777: $? = 0
configure:11777: result: yes
configure:11777: checking cpuid.h presence
configure:11777: g++ -E  conftest.cpp
configure:11777: $? = 0
configure:11777: result: yes
configure:11777: checking for cpuid.h
configure:11777: result: yes
configure:11789: checking arm_neon.h usability
configure:11789: g++ -c -O3 -ffast-math  conftest.cpp >&5
conftest.cpp:58:10: fatal error: arm_neon.h: No such file or directory
   58 | #include <arm_neon.h>
      |          ^~~~~~~~~~~~
compilation terminated.
configure:11789: $? = 1
configure: failed program was:
| /* confdefs.h */
| #define PACKAGE_NAME "SoundTouch"
| #define PACKAGE_TARNAME "soundtouch"
| #define PACKAGE_VERSION "2.2"
| #define PACKAGE_STRING "SoundTouch 2.2"
| #define PACKAGE_BUGREPORT "http://www.surina.net/soundtouch"
| #define PACKAGE_URL ""
| #define PACKAGE "soundtouch"
| #define VERSION "2.2"
| #define STDC_HEADERS 1
| #define HAVE_SYS_TYPES_H 1
| #define HAVE_SYS_STAT_H 1
| #define HAVE_STDLIB_H 1
| #define HAVE_STRING_H 1
| #define HAVE_MEMORY_H 1
| #define HAVE_STRINGS_H 1
| #define HAVE_INTTYPES_H 1
| #define HAVE_STDINT_H 1
| #define HAVE_UNISTD_H 1
| #define HAVE_DLFCN_H 1
| #define LT_OBJDIR ".libs/"
| #define STDC_HEADERS 1
| #define HAVE_CPUID_H 1
| /* end confdefs.h.  */
| #include <stdio.h>
| #ifdef HAVE_SYS_TYPES_H
| # include <sys/types.h>
| #endif
| #ifdef HAVE_SYS_STAT_H
| # include <sys/stat.h>
| #endif
| #ifdef STDC_HEADERS
| # include <stdlib.h>
| # include <stddef.h>
| #else
| # ifdef HAVE_STDLIB_H
| #  include <stdlib.h>
| # endif
| #endif
| #ifdef HAVE_STRING_H
| # if !defined STDC_HEADERS && defined HAVE_MEMORY_H
| #  include <memory.h>
| # endif
| # include <string.h>
| #endif
| #ifdef HAVE_STRINGS_H
| # include <strings.h>
| #endif
| #ifdef HAVE_INTTYPES_H
| # include <inttypes.h>
| #endif
| #ifdef HAVE_STDINT_H
| # include <stdint.h>
| #endif
| #ifdef HAVE_UNISTD_H
| # include <unistd.h>
| #endif
| #include <arm_neon.h>
configure:11789: result: no
configure:11789: checking arm_neon.h presence
configure:11789: g++ -E  conftest.cpp
conftest.cpp:25:10: fatal error: arm_neon.h: No such file or directory
   25 | #include <arm_neon.h>
      |          ^~~~~~~~~~~~
compilation terminated.
configure:11789: $? = 1
configure: failed program was:
| /* confdefs.h */
| #define PACKAGE_NAME "SoundTouch"
| #define PACKAGE_TARNAME "soundtouch"
| #define PACKAGE_VERSION "2.2"
| #define PACKAGE_STRING "SoundTouch 2.2"
| #define PACKAGE_BUGREPORT "http://www.surina.net/soundtouch"
| #define PACKAGE_URL ""
| #define PACKAGE "soundtouch"
| #define VERSION "2.2"
| #define STDC_HEADERS 1
| #define HAVE_SYS_TYPES_H 1
| #define HAVE_SYS_STAT_H 1
| #define HAVE_STDLIB_H 1
| #define HAVE_STRING_H 1
| #define HAVE_MEMORY_H 1
| #define HAVE_STRINGS_H 1
| #define HAVE_INTTYPES_H 1
| #define HAVE_STDINT_H 1
| #define HAVE_UNISTD_H 1
| #define HAVE_DLFCN_H 1
| #define LT_OBJDIR ".libs/"
| #define STDC_HEADERS 1
| #define HAVE_CPUID_H 1
| /* end confdefs.h.  */
| #include <arm_neon.h>
configure:11789: result: no
configure:11789: checking for arm_neon.h
configure:11789: result: no
configure:11810: checking for an ANSI C-conforming const
configure:11876: g++ -c -O3 -ffast-math  conftest.cpp >&5
configure:11876: $? = 0
configure:11883: result: yes
configure:11891: checking for inline
configure:11907: g++ -c -O3 -ffast-math  conftest.cpp >&5
configure:11907: $? = 0
configure:11915: result: inline
configure:12032: g++ -c -mmmx -Winline -O3 -ffast-math  conftest.cpp >&5
configure:12032: $? = 0
configure:12073: g++ -c -msse -Winline -O3 -ffast-math  conftest.cpp >&5
configure:12073: $? = 0
configure:12170: checking for stdlib.h
configure:12170: result: yes
configure:12180: checking for GNU libc compatible malloc
configure:12204: g++ -o conftest -O3 -ffast-math   conftest.cpp  >&5
configure:12204: $? = 0
configure:12204: ./conftest
configure:12204: $? = 0
configure:12214: result: yes
configure:12235: checking return type of signal handlers
configure:12253: g++ -c -O3 -ffast-math  conftest.cpp >&5
conftest.cpp: In function 'int main()':
conftest.cpp:34:25: error: void value not ignored as it ought to be
   34 | return *(signal (0, 0)) (0) == 1;
      |         ~~~~~~~~~~~~~~~~^~~
configure:12253: $? = 1
configure: failed program was:
| /* confdefs.h */
| #define PACKAGE_NAME "SoundTouch"
| #define PACKAGE_TARNAME "soundtouch"
| #define PACKAGE_VERSION "2.2"
| #define PACKAGE_STRING "SoundTouch 2.2"
| #define PACKAGE_BUGREPORT "http://www.surina.net/soundtouch"
| #define PACKAGE_URL ""
| #define PACKAGE "soundtouch"
| #define VERSION "2.2"
| #define STDC_HEADERS 1
| #define HAVE_SYS_TYPES_H 1
| #define HAVE_SYS_STAT_H 1
| #define HAVE_STDLIB_H 1
| #define HAVE_STRING_H 1
| #define HAVE_MEMORY_H 1
| #define HAVE_STRINGS_H 1
| #define HAVE_INTTYPES_H 1
| #define HAVE_STDINT_H 1
| #define HAVE_UNISTD_H 1
| #define HAVE_DLFCN_H 1
| #define LT_OBJDIR ".libs/"
| #define STDC_HEADERS 1
| #define HAVE_CPUID_H 1
| #define SOUNDTOUCH_INTEGER_SAMPLES 1
| #define HAVE_STDLIB_H 1
| #define HAVE_MALLOC 1
| /* end confdefs.h.  */
| #include <sys/types.h>
| #include <signal.h>
| 
| int
| main ()
| {
| return *(signal (0, 0)) (0) == 1;
|   ;
|   return 0;
| }
configure:12260: result: void
configure:12269: checking for sqrt in -lm
configure:12294: g++ -o conftest -O3 -ffast-math   conftest.cpp -lm   >&5
conftest.cpp:36:6: warning: declaration of 'char sqrt()' conflicts with built-in declaration 'double sqrt(double)' [-Wbuiltin-declaration-mismatch]
   36 | char sqrt ();
      |      ^~~~
configure:12294: $? = 0
configure:12303: result: yes
configure:12438: checking that generated files are newer than configure
configure:12444: result: done
configure:12483: creating ./config.status

## ---------------------- ##
## Running config.status. ##
## ---------------------- ##

This file was extended by SoundTouch config.status 2.2, which was
generated by GNU Autoconf 2.69.  Invocation command line was

  CONFIG_FILES    = 
  CONFIG_HEADERS  = 
  CONFIG_LINKS    = 
  CONFIG_COMMANDS = 
  $ ./config.status 

on orykalch-Inspiron-5577

config.status:1164: creating Makefile
config.status:1164: creating source/Makefile
config.status:1164: creating source/SoundTouch/Makefile
config.status:1164: creating source/SoundStretch/Makefile
config.status:1164: creating include/Makefile
config.status:1164: creating soundtouch.pc
config.status:1164: creating config.h
config.status:1164: creating include/soundtouch_config.h
config.status:1393: executing depfiles commands
config.status:1470: cd source/SoundTouch       && sed -e '/# am--include-marker/d' Makefile         | make -f - am--depfiles
config.status:1475: $? = 0
config.status:1470: cd source/SoundStretch       && sed -e '/# am--include-marker/d' Makefile         | make -f - am--depfiles
config.status:1475: $? = 0
config.status:1393: executing libtool commands

## ---------------- ##
## Cache variables. ##
## ---------------- ##

ac_cv_build=x86_64-pc-linux-gnu
ac_cv_c_compiler_gnu=yes
ac_cv_c_const=yes
ac_cv_c_inline=inline
ac_cv_cxx_compiler_gnu=yes
ac_cv_env_CCC_set=
ac_cv_env_CCC_value=
ac_cv_env_CC_set=
ac_cv_env_CC_value=
ac_cv_env_CFLAGS_set=
ac_cv_env_CFLAGS_value=
ac_cv_env_CPPFLAGS_set=
ac_cv_env_CPPFLAGS_value=
ac_cv_env_CPP_set=
ac_cv_env_CPP_value=
ac_cv_env_CXXCPP_set=
ac_cv_env_CXXCPP_value=
ac_cv_env_CXXFLAGS_set=
ac_cv_env_CXXFLAGS_value=
ac_cv_env_CXX_set=
ac_cv_env_CXX_value=
ac_cv_env_LDFLAGS_set=
ac_cv_env_LDFLAGS_value=
ac_cv_env_LIBS_set=
ac_cv_env_LIBS_value=
ac_cv_env_LT_SYS_LIBRARY_PATH_set=
ac_cv_env_LT_SYS_LIBRARY_PATH_value=
ac_cv_env_build_alias_set=
ac_cv_env_build_alias_value=
ac_cv_env_host_alias_set=
ac_cv_env_host_alias_value=
ac_cv_env_target_alias_set=
ac_cv_env_target_alias_value=
ac_cv_func_malloc_0_nonnull=yes
ac_cv_header_arm_neon_h=no
ac_cv_header_cpuid_h=yes
ac_cv_header_dlfcn_h=yes
ac_cv_header_inttypes_h=yes
ac_cv_header_memory_h=yes
ac_cv_header_stdc=yes
ac_cv_header_stdint_h=yes
ac_cv_header_stdlib_h=yes
ac_cv_header_string_h=yes
ac_cv_header_strings_h=yes
ac_cv_header_sys_stat_h=yes
ac_cv_header_sys_types_h=yes
ac_cv_header_unistd_h=yes
ac_cv_host=x86_64-pc-linux-gnu
ac_cv_lib_m_sqrt=yes
ac_cv_objext=o
ac_cv_path_EGREP='/usr/bin/grep -E'
ac_cv_path_FGREP='/usr/bin/grep -F'
ac_cv_path_GREP=/usr/bin/grep
ac_cv_path_SED=/usr/bin/sed
ac_cv_path_install='/usr/bin/install -c'
ac_cv_path_lt_DD=/usr/bin/dd
ac_cv_path_mkdir=/usr/bin/mkdir
ac_cv_prog_AWK=mawk
ac_cv_prog_CPP='gcc -E'
ac_cv_prog_CXXCPP='g++ -E'
ac_cv_prog_ac_ct_AR=ar
ac_cv_prog_ac_ct_CC=gcc
ac_cv_prog_ac_ct_CXX=g++
ac_cv_prog_ac_ct_MANIFEST_TOOL=mt
ac_cv_prog_ac_ct_OBJDUMP=objdump
ac_cv_prog_ac_ct_RANLIB=ranlib
ac_cv_prog_ac_ct_STRIP=strip
ac_cv_prog_cc_c89=
ac_cv_prog_cc_g=yes
ac_cv_prog_cxx_g=yes
ac_cv_prog_make_make_set=yes
ac_cv_type_signal=void
am_cv_CC_dependencies_compiler_type=gcc3
am_cv_CXX_dependencies_compiler_type=gcc3
am_cv_make_support_nested_variables=yes
am_cv_prog_cc_c_o=yes
lt_cv_ar_at_file=@
lt_cv_archive_cmds_need_lc=no
lt_cv_deplibs_check_method=pass_all
lt_cv_file_magic_cmd='$MAGIC_CMD'
lt_cv_file_magic_test_file=
lt_cv_ld_reload_flag=-r
lt_cv_nm_interface='BSD nm'
lt_cv_objdir=.libs
lt_cv_path_LD=/usr/bin/ld
lt_cv_path_LDCXX='/usr/bin/ld -m elf_x86_64'
lt_cv_path_NM='/usr/bin/nm -B'
lt_cv_path_mainfest_tool=no
lt_cv_prog_compiler_c_o=yes
lt_cv_prog_compiler_c_o_CXX=yes
lt_cv_prog_compiler_pic='-fPIC -DPIC'
lt_cv_prog_compiler_pic_CXX='-fPIC -DPIC'
lt_cv_prog_compiler_pic_works=yes
lt_cv_prog_compiler_pic_works_CXX=yes
lt_cv_prog_compiler_rtti_exceptions=no
lt_cv_prog_compiler_static_works=yes
lt_cv_prog_compiler_static_works_CXX=yes
lt_cv_prog_gnu_ld=yes
lt_cv_prog_gnu_ldcxx=yes
lt_cv_sharedlib_from_linklib_cmd='printf %s\n'
lt_cv_shlibpath_overrides_runpath=yes
lt_cv_sys_global_symbol_pipe='sed -n -e '\''s/^.*[	 ]\([ABCDGIRSTW][ABCDGIRSTW]*\)[	 ][	 ]*\([_A-Za-z][_A-Za-z0-9]*\)$/\1 \2 \2/p'\'' | sed '\''/ __gnu_lto/d'\'''
lt_cv_sys_global_symbol_to_c_name_address='sed -n -e '\''s/^: \(.*\) .*$/  {"\1", (void *) 0},/p'\'' -e '\''s/^[ABCDGIRSTW][ABCDGIRSTW]* .* \(.*\)$/  {"\1", (void *) \&\1},/p'\'''
lt_cv_sys_global_symbol_to_c_name_address_lib_prefix='sed -n -e '\''s/^: \(.*\) .*$/  {"\1", (void *) 0},/p'\'' -e '\''s/^[ABCDGIRSTW][ABCDGIRSTW]* .* \(lib.*\)$/  {"\1", (void *) \&\1},/p'\'' -e '\''s/^[ABCDGIRSTW][ABCDGIRSTW]* .* \(.*\)$/  {"lib\1", (void *) \&\1},/p'\'''
lt_cv_sys_global_symbol_to_cdecl='sed -n -e '\''s/^T .* \(.*\)$/extern int \1();/p'\'' -e '\''s/^[ABCDGIRSTW][ABCDGIRSTW]* .* \(.*\)$/extern char \1;/p'\'''
lt_cv_sys_global_symbol_to_import=
lt_cv_sys_max_cmd_len=1572864
lt_cv_to_host_file_cmd=func_convert_file_noop
lt_cv_to_tool_file_cmd=func_convert_file_noop
lt_cv_truncate_bin='/usr/bin/dd bs=4096 count=1'

## ----------------- ##
## Output variables. ##
## ----------------- ##

ACLOCAL='${SHELL} /home/orykalch/Pobrane/soundtouch-2.2/config/missing aclocal-1.16'
AMDEPBACKSLASH='\'
AMDEP_FALSE='#'
AMDEP_TRUE=''
AMTAR='$${TAR-tar}'
AM_BACKSLASH='\'
AM_CXXFLAGS=''
AM_DEFAULT_V='$(AM_DEFAULT_VERBOSITY)'
AM_DEFAULT_VERBOSITY='0'
AM_V='$(V)'
AR='ar'
AUTOCONF='${SHELL} /home/orykalch/Pobrane/soundtouch-2.2/config/missing autoconf'
AUTOHEADER='${SHELL} /home/orykalch/Pobrane/soundtouch-2.2/config/missing autoheader'
AUTOMAKE='${SHELL} /home/orykalch/Pobrane/soundtouch-2.2/config/missing automake-1.16'
AWK='mawk'
CC='gcc'
CCDEPMODE='depmode=gcc3'
CFLAGS='-g -O2'
CPP='gcc -E'
CPPFLAGS=''
CXX='g++'
CXXCPP='g++ -E'
CXXDEPMODE='depmode=gcc3'
CXXFLAGS='-O3 -ffast-math'
CYGPATH_W='echo'
DEFS='-DHAVE_CONFIG_H'
DEPDIR='.deps'
DLLTOOL='false'
DSYMUTIL=''
DUMPBIN=''
ECHO_C=''
ECHO_N='-n'
ECHO_T=''
EGREP='/usr/bin/grep -E'
EXEEXT=''
FGREP='/usr/bin/grep -F'
GREP='/usr/bin/grep'
HAVE_MMX_FALSE='#'
HAVE_MMX_TRUE=''
HAVE_SSE_FALSE='#'
HAVE_SSE_TRUE=''
INSTALL_DATA='${INSTALL} -m 644'
INSTALL_PROGRAM='${INSTALL}'
INSTALL_SCRIPT='${INSTALL}'
INSTALL_STRIP_PROGRAM='$(install_sh) -c -s'
LD='/usr/bin/ld -m elf_x86_64'
LDFLAGS=''
LIBOBJS=''
LIBS='-lm '
LIBTOOL='$(SHELL) $(top_builddir)/libtool'
LIB_SONAME='1'
LIPO=''
LN_S='ln -s'
LTLIBOBJS=''
LT_SYS_LIBRARY_PATH=''
MAKEINFO='${SHELL} /home/orykalch/Pobrane/soundtouch-2.2/config/missing makeinfo'
MANIFEST_TOOL=':'
MKDIR_P='/usr/bin/mkdir -p'
NM='/usr/bin/nm -B'
NMEDIT=''
OBJDUMP='objdump'
OBJEXT='o'
OTOOL64=''
OTOOL=''
PACKAGE='soundtouch'
PACKAGE_BUGREPORT='http://www.surina.net/soundtouch'
PACKAGE_NAME='SoundTouch'
PACKAGE_STRING='SoundTouch 2.2'
PACKAGE_TARNAME='soundtouch'
PACKAGE_URL=''
PACKAGE_VERSION='2.2'
PATH_SEPARATOR=':'
RANLIB='ranlib'
SED='/usr/bin/sed'
SET_MAKE=''
SHELL='/bin/bash'
STRIP='strip'
VERSION='2.2'
X86_OPTIMIZATIONS_FALSE='#'
X86_OPTIMIZATIONS_TRUE=''
ac_ct_AR='ar'
ac_ct_CC='gcc'
ac_ct_CXX='g++'
ac_ct_DUMPBIN=''
am__EXEEXT_FALSE=''
am__EXEEXT_TRUE='#'
am__fastdepCC_FALSE='#'
am__fastdepCC_TRUE=''
am__fastdepCXX_FALSE='#'
am__fastdepCXX_TRUE=''
am__include='include'
am__isrc=''
am__leading_dot='.'
am__nodep='_no'
am__quote=''
am__tar='$${TAR-tar} chof - "$$tardir"'
am__untar='$${TAR-tar} xf -'
bindir='${exec_prefix}/bin'
build='x86_64-pc-linux-gnu'
build_alias=''
build_cpu='x86_64'
build_os='linux-gnu'
build_vendor='pc'
datadir='${datarootdir}'
datarootdir='${prefix}/share'
docdir='/usr/share/doc/soundtouch-2.2'
dvidir='${docdir}'
exec_prefix='${prefix}'
host='x86_64-pc-linux-gnu'
host_alias=''
host_cpu='x86_64'
host_os='linux-gnu'
host_vendor='pc'
htmldir='${docdir}'
includedir='${prefix}/include'
infodir='${datarootdir}/info'
install_sh='${SHELL} /home/orykalch/Pobrane/soundtouch-2.2/config/install-sh'
libdir='${exec_prefix}/lib'
libexecdir='${exec_prefix}/libexec'
localedir='${datarootdir}/locale'
localstatedir='${prefix}/var'
mandir='${datarootdir}/man'
mkdir_p='$(MKDIR_P)'
oldincludedir='/usr/include'
pdfdir='${docdir}'
prefix='/usr'
program_transform_name='s,x,x,'
psdir='${docdir}'
runstatedir='${localstatedir}/run'
sbindir='${exec_prefix}/sbin'
sharedstatedir='${prefix}/com'
sysconfdir='${prefix}/etc'
target_alias=''

## ----------- ##
## confdefs.h. ##
## ----------- ##

/* confdefs.h */
#define PACKAGE_NAME "SoundTouch"
#define PACKAGE_TARNAME "soundtouch"
#define PACKAGE_VERSION "2.2"
#define PACKAGE_STRING "SoundTouch 2.2"
#define PACKAGE_BUGREPORT "http://www.surina.net/soundtouch"
#define PACKAGE_URL ""
#define PACKAGE "soundtouch"
#define VERSION "2.2"
#define STDC_HEADERS 1
#define HAVE_SYS_TYPES_H 1
#define HAVE_SYS_STAT_H 1
#define HAVE_STDLIB_H 1
#define HAVE_STRING_H 1
#define HAVE_MEMORY_H 1
#define HAVE_STRINGS_H 1
#define HAVE_INTTYPES_H 1
#define HAVE_STDINT_H 1
#define HAVE_UNISTD_H 1
#define HAVE_DLFCN_H 1
#define LT_OBJDIR ".libs/"
#define STDC_HEADERS 1
#define HAVE_CPUID_H 1
#define SOUNDTOUCH_INTEGER_SAMPLES 1
#define HAVE_STDLIB_H 1
#define HAVE_MALLOC 1
#define RETSIGTYPE void
#define HAVE_LIBM 1

configure: exit 0
